# JRE version: OpenJDK Runtime Environment (17.0.6) (build 17.0.6+0-b2043.56-9586694)
# Java VM: OpenJDK 64-Bit Server VM (17.0.6+0-b2043.56-9586694, mixed mode, tiered, compressed oops, compressed class ptrs, g1 gc, windows-amd64)
GC Precious Log:
 CPUs: 4 total, 4 available
 Memory: 24496M
 Large Page Support: Disabled
 NUMA Support: Disabled
 Compressed Oops: Enabled (32-bit)
 Heap Region Size: 1M
 Heap Min Capacity: 8M
 Heap Initial Capacity: 384M
 Heap Max Capacity: 2G
 Pre-touch: Disabled
 Parallel Workers: 4
 Concurrent Workers: 1
 Concurrent Refinement Workers: 4
 Periodic GC: Disabled
Heap:
 garbage-first heap   total 403456K, used 147107K [0x0000000080000000, 0x0000000100000000)
  region size 1024K, 1 young (1024K), 1 survivors (1024K)
 Metaspace       used 153739K, committed 155328K, reserved 1187840K
  class space    used 20024K, committed 20736K, reserved 1048576K
GC Heap History (20 events):
Event: 1385.937 GC heap after
{Heap after GC invocations=41 (full 0):
 garbage-first heap   total 403456K, used 150834K [0x0000000080000000, 0x0000000100000000)
  region size 1024K, 3 young (3072K), 3 survivors (3072K)
 Metaspace       used 150750K, committed 151808K, reserved 1187840K
  class space    used 19740K, committed 20288K, reserved 1048576K
}
Event: 1386.100 GC heap before
{Heap before GC invocations=41 (full 0):
 garbage-first heap   total 403456K, used 165170K [0x0000000080000000, 0x0000000100000000)
  region size 1024K, 18 young (18432K), 3 survivors (3072K)
 Metaspace       used 150770K, committed 151872K, reserved 1187840K
  class space    used 19740K, committed 20288K, reserved 1048576K
}
Event: 1386.105 GC heap after
{Heap after GC invocations=42 (full 0):
 garbage-first heap   total 403456K, used 151951K [0x0000000080000000, 0x0000000100000000)
  region size 1024K, 4 young (4096K), 4 survivors (4096K)
 Metaspace       used 150770K, committed 151872K, reserved 1187840K
  class space    used 19740K, committed 20288K, reserved 1048576K
}
Event: 1389.268 GC heap before
{Heap before GC invocations=43 (full 0):
 garbage-first heap   total 403456K, used 343439K [0x0000000080000000, 0x0000000100000000)
  region size 1024K, 175 young (179200K), 4 survivors (4096K)
 Metaspace       used 150990K, committed 152128K, reserved 1187840K
  class space    used 19740K, committed 20288K, reserved 1048576K
}
Event: 1389.280 GC heap after
{Heap after GC invocations=44 (full 0):
 garbage-first heap   total 403456K, used 157738K [0x0000000080000000, 0x0000000100000000)
  region size 1024K, 12 young (12288K), 12 survivors (12288K)
 Metaspace       used 150990K, committed 152128K, reserved 1187840K
  class space    used 19740K, committed 20288K, reserved 1048576K
}
Event: 1389.287 GC heap before
{Heap before GC invocations=44 (full 0):
 garbage-first heap   total 403456K, used 164906K [0x0000000080000000, 0x0000000100000000)
  region size 1024K, 19 young (19456K), 12 survivors (12288K)
 Metaspace       used 150990K, committed 152128K, reserved 1187840K
  class space    used 19740K, committed 20288K, reserved 1048576K
}
Event: 1389.298 GC heap after
{Heap after GC invocations=45 (full 0):
 garbage-first heap   total 403456K, used 149271K [0x0000000080000000, 0x0000000100000000)
  region size 1024K, 2 young (2048K), 2 survivors (2048K)
 Metaspace       used 150990K, committed 152128K, reserved 1187840K
  class space    used 19740K, committed 20288K, reserved 1048576K
}
Event: 1391.073 GC heap before
{Heap before GC invocations=45 (full 0):
 garbage-first heap   total 403456K, used 188183K [0x0000000080000000, 0x0000000100000000)
  region size 1024K, 41 young (41984K), 2 survivors (2048K)
 Metaspace       used 151234K, committed 152384K, reserved 1187840K
  class space    used 19743K, committed 20288K, reserved 1048576K
}
Event: 1391.077 GC heap after
{Heap after GC invocations=46 (full 0):
 garbage-first heap   total 403456K, used 150131K [0x0000000080000000, 0x0000000100000000)
  region size 1024K, 3 young (3072K), 3 survivors (3072K)
 Metaspace       used 151234K, committed 152384K, reserved 1187840K
  class space    used 19743K, committed 20288K, reserved 1048576K
}
Event: 1463.795 GC heap before
{Heap before GC invocations=47 (full 0):
 garbage-first heap   total 403456K, used 355090K [0x0000000080000000, 0x0000000100000000)
  region size 1024K, 182 young (186368K), 3 survivors (3072K)
 Metaspace       used 152274K, committed 153344K, reserved 1187840K
  class space    used 19771K, committed 20288K, reserved 1048576K
}
Event: 1463.800 GC heap after
{Heap after GC invocations=48 (full 0):
 garbage-first heap   total 403456K, used 152703K [0x0000000080000000, 0x0000000100000000)
  region size 1024K, 5 young (5120K), 5 survivors (5120K)
 Metaspace       used 152274K, committed 153344K, reserved 1187840K
  class space    used 19771K, committed 20288K, reserved 1048576K
}
Event: 1463.881 GC heap before
{Heap before GC invocations=48 (full 0):
 garbage-first heap   total 403456K, used 166015K [0x0000000080000000, 0x0000000100000000)
  region size 1024K, 19 young (19456K), 5 survivors (5120K)
 Metaspace       used 152543K, committed 153792K, reserved 1187840K
  class space    used 19838K, committed 20416K, reserved 1048576K
}
Event: 1463.887 GC heap after
{Heap after GC invocations=49 (full 0):
 garbage-first heap   total 403456K, used 146643K [0x0000000080000000, 0x0000000100000000)
  region size 1024K, 2 young (2048K), 2 survivors (2048K)
 Metaspace       used 152543K, committed 153792K, reserved 1187840K
  class space    used 19838K, committed 20416K, reserved 1048576K
}
Event: 1464.844 GC heap before
{Heap before GC invocations=49 (full 0):
 garbage-first heap   total 403456K, used 178387K [0x0000000080000000, 0x0000000100000000)
  region size 1024K, 34 young (34816K), 2 survivors (2048K)
 Metaspace       used 152793K, committed 154048K, reserved 1187840K
  class space    used 19869K, committed 20480K, reserved 1048576K
}
Event: 1464.850 GC heap after
{Heap after GC invocations=50 (full 0):
 garbage-first heap   total 403456K, used 151873K [0x0000000080000000, 0x0000000100000000)
  region size 1024K, 7 young (7168K), 7 survivors (7168K)
 Metaspace       used 152793K, committed 154048K, reserved 1187840K
  class space    used 19869K, committed 20480K, reserved 1048576K
}
Event: 1470.547 GC heap before
{Heap before GC invocations=51 (full 0):
 garbage-first heap   total 403456K, used 347457K [0x0000000080000000, 0x0000000100000000)
  region size 1024K, 178 young (182272K), 7 survivors (7168K)
 Metaspace       used 153650K, committed 155200K, reserved 1187840K
  class space    used 20004K, committed 20736K, reserved 1048576K
}
Event: 1470.560 GC heap after
{Heap after GC invocations=52 (full 0):
 garbage-first heap   total 403456K, used 161212K [0x0000000080000000, 0x0000000100000000)
  region size 1024K, 14 young (14336K), 14 survivors (14336K)
 Metaspace       used 153650K, committed 155200K, reserved 1187840K
  class space    used 20004K, committed 20736K, reserved 1048576K
}
Event: 1470.658 GC heap before
{Heap before GC invocations=52 (full 0):
 garbage-first heap   total 403456K, used 166332K [0x0000000080000000, 0x0000000100000000)
  region size 1024K, 19 young (19456K), 14 survivors (14336K)
 Metaspace       used 153738K, committed 155328K, reserved 1187840K
  class space    used 20024K, committed 20736K, reserved 1048576K
}
Event: 1470.669 GC heap after
{Heap after GC invocations=53 (full 0):
 garbage-first heap   total 403456K, used 148131K [0x0000000080000000, 0x0000000100000000)
  region size 1024K, 2 young (2048K), 2 survivors (2048K)
 Metaspace       used 153738K, committed 155328K, reserved 1187840K
  class space    used 20024K, committed 20736K, reserved 1048576K
}
Event: 1470.697 GC heap before
{Heap before GC invocations=53 (full 0):
 garbage-first heap   total 403456K, used 149155K [0x0000000080000000, 0x0000000100000000)
  region size 1024K, 5 young (5120K), 2 survivors (2048K)
 Metaspace       used 153739K, committed 155328K, reserved 1187840K
  class space    used 20024K, committed 20736K, reserved 1048576K
}

